Build started 8/3/2010 4:54:10 PM.
     1>Project "C:\Users\skinny\projects\lightspark\zlib-1.2.5\contrib\vstudio\vc10\testzlib.vcxproj" on node 3 (build target(s)).
     1>InitializeBuildStatus:
         Touching "x86\TestZlibDebug\Tmp\testzlib.unsuccessfulbuild".
       ClCompile:
         All outputs are up-to-date.
       Link:
         C:\Program Files\Microsoft Visual Studio 10.0\VC\bin\link.exe /ERRORREPORT:PROMPT /OUT:"x86\TestZlibDebug\testzlib.exe" /INCREMENTAL /NOLOGO ..\..\masmx86\match686.obj ..\..\masmx86\inffas32.obj kernel32.lib user32.lib gdi32.lib winspool.lib comdlg32.lib advapi32.lib shell32.lib ole32.lib oleaut32.lib uuid.lib odbc32.lib odbccp32.lib /MANIFEST:NO /DEBUG /PDB:"x86\TestZlibDebug\testzlib.pdb" /SUBSYSTEM:CONSOLE /TLBID:1 /DYNAMICBASE:NO /IMPLIB:"x86\TestZlibDebug\testzlib.lib" /MACHINE:X86 x86\TestZlibDebug\Tmp\adler32.obj
         x86\TestZlibDebug\Tmp\compress.obj
         x86\TestZlibDebug\Tmp\crc32.obj
         x86\TestZlibDebug\Tmp\deflate.obj
         x86\TestZlibDebug\Tmp\infback.obj
         x86\TestZlibDebug\Tmp\inffast.obj
         x86\TestZlibDebug\Tmp\inflate.obj
         x86\TestZlibDebug\Tmp\inftrees.obj
         x86\TestZlibDebug\Tmp\testzlib.obj
         x86\TestZlibDebug\Tmp\trees.obj
         x86\TestZlibDebug\Tmp\uncompr.obj
         x86\TestZlibDebug\Tmp\zutil.obj
     1>LINK : fatal error LNK1104: cannot open file '..\..\masmx86\match686.obj'
     1>Done Building Project "C:\Users\skinny\projects\lightspark\zlib-1.2.5\contrib\vstudio\vc10\testzlib.vcxproj" (build target(s)) -- FAILED.

Build FAILED.

Time Elapsed 00:00:00.10
