Build started 8/3/2010 4:54:10 PM.
     1>Project "C:\Users\skinny\projects\lightspark\zlib-1.2.5\contrib\vstudio\vc10\testzlibdll.vcxproj" on node 3 (build target(s)).
     1>InitializeBuildStatus:
         Touching "x86\TestZlibDllDebug\Tmp\testzlibdll.unsuccessfulbuild".
       ClCompile:
         All outputs are up-to-date.
     1>C:\Program Files\MSBuild\Microsoft.Cpp\v4.0\Microsoft.CppBuild.targets(990,5): warning MSB8012: TargetPath(C:\Users\skinny\projects\lightspark\zlib-1.2.5\contrib\vstudio\vc10\x86\TestZlibDllDebug\testzlibdll.exe) does not match the Linker's OutputFile property value (C:\Users\skinny\projects\lightspark\zlib-1.2.5\contrib\vstudio\vc10\x86\TestZlibDllDebug\testzlib.exe). This may cause your project to build incorrectly. To correct this, please make sure that $(OutDir), $(TargetName) and $(TargetExt) property values match the value specified in %(Link.OutputFile).
     1>C:\Program Files\MSBuild\Microsoft.Cpp\v4.0\Microsoft.CppBuild.targets(992,5): warning MSB8012: TargetName(testzlibdll) does not match the Linker's OutputFile property value (testzlib). This may cause your project to build incorrectly. To correct this, please make sure that $(OutDir), $(TargetName) and $(TargetExt) property values match the value specified in %(Link.OutputFile).
       Link:
         C:\Program Files\Microsoft Visual Studio 10.0\VC\bin\link.exe /ERRORREPORT:PROMPT /OUT:"x86\TestZlibDllDebug\testzlib.exe" /INCREMENTAL /NOLOGO x86\ZlibDllDebug\zlibwapi.lib kernel32.lib user32.lib gdi32.lib winspool.lib comdlg32.lib advapi32.lib shell32.lib ole32.lib oleaut32.lib uuid.lib odbc32.lib odbccp32.lib /MANIFEST:NO /DEBUG /PDB:"x86\TestZlibDllDebug\testzlib.pdb" /SUBSYSTEM:CONSOLE /TLBID:1 /DYNAMICBASE:NO /IMPLIB:"x86\TestZlibDllDebug\testzlibdll.lib" /MACHINE:X86 x86\TestZlibDllDebug\Tmp\testzlib.obj
         "C:\Users\skinny\projects\lightspark\zlib-1.2.5\contrib\vstudio\vc10\x86\ZlibDllDebug\zlibwapi.lib"
     1>LINK : fatal error LNK1104: cannot open file 'x86\ZlibDllDebug\zlibwapi.lib'
     1>Done Building Project "C:\Users\skinny\projects\lightspark\zlib-1.2.5\contrib\vstudio\vc10\testzlibdll.vcxproj" (build target(s)) -- FAILED.

Build FAILED.

Time Elapsed 00:00:00.11
